Arguments: 
  /usr/bin/node /usr/bin/yarn add @prima/client

PATH: 
  /home/satria/.vscode-server/bin/e2816fe719a4026ffa1ee0189dc89bdfdbafb164/bin/remote-cli:/home/satria/.local/bin:/home/satria/.cargo/bin:/usr/local/sbin:/usr/local/bin:/usr/sbin:/usr/bin:/sbin:/bin:/usr/games:/usr/local/games:/usr/lib/wsl/lib:/mnt/c/Program Files/WindowsApps/Microsoft.WindowsTerminal_1.14.1963.0_x64__8wekyb3d8bbwe:/mnt/c/Program Files (x86)/Common Files/Intel/Shared Libraries/redist/intel64/compiler:/mnt/c/Python310/Scripts/:/mnt/c/Python310/:/mnt/c/windows/system32:/mnt/c/windows:/mnt/c/windows/System32/Wbem:/mnt/c/windows/System32/WindowsPowerShell/v1.0/:/mnt/c/windows/System32/OpenSSH/:/mnt/c/Program Files (x86)/NVIDIA Corporation/PhysX/Common:/mnt/c/Program Files/NVIDIA Corporation/NVIDIA NvDLISR:/mnt/c/Program Files/dotnet/:/mnt/d/Apps/Git/cmd:/mnt/c/ProgramData/chocolatey/bin:/mnt/c/WINDOWS/system32:/mnt/c/WINDOWS:/mnt/c/WINDOWS/System32/Wbem:/mnt/c/WINDOWS/System32/WindowsPowerShell/v1.0/:/mnt/c/WINDOWS/System32/OpenSSH/:/mnt/c/msys64/mingw64/bin:/mnt/c/cockroach/cockroach-v21.2.5.windows-6.2-amd64:/mnt/c/Program Files/Docker/Docker/resources/bin:/mnt/c/ProgramData/DockerDesktop/version-bin:/mnt/c/Program Files/Common Files/Autodesk Shared/:/mnt/c/Program Files/Microsoft SQL Server/120/Tools/Binn/:/mnt/c/Users/HP/AppData/Local/Microsoft/WindowsApps:/mnt/c/Users/HP/AppData/Local/Programs/Microsoft VS Code/bin:/mnt/c/Users/HP/.dotnet/tools:/mnt/c/Program Files/heroku/bin:/mnt/d/Apps/ffmpeg-n4.4.1-win64-lgpl-4.4/bin:/mnt/d/Apps/ngrok:/mnt/d/Apps/sqlite-3360000:/mnt/c/msys64/mingw64/bin:/mnt/c/Users/HP/.fly/bin:/mnt/d/Apps/openjdk-17.0.1_windows-x64_bin/jdk-17.0.1/bin:/mnt/c/Users/HP/AppData/Local/GitHubDesktop/bin:/mnt/c/cockroach/cockroach-v21.2.5.windows-6.2-amd64:/mnt/c/flutter/bin:/mnt/c/tools/dart-sdk/bin:/mnt/c/Users/HP/AppData/Roaming/Pub/Cache/bin:/mnt/d/Apps/MiKTeX/miktex/bin/x64/:/snap/bin

Yarn version: 
  1.22.17

Node version: 
  16.13.0

Platform: 
  linux x64

Trace: 
  Error: https://registry.yarnpkg.com/@prima%2fclient: Not found
      at Request.params.callback [as _callback] (/usr/lib/node_modules/yarn/lib/cli.js:67029:18)
      at Request.self.callback (/usr/lib/node_modules/yarn/lib/cli.js:140883:22)
      at Request.emit (node:events:390:28)
      at Request.<anonymous> (/usr/lib/node_modules/yarn/lib/cli.js:141855:10)
      at Request.emit (node:events:390:28)
      at IncomingMessage.<anonymous> (/usr/lib/node_modules/yarn/lib/cli.js:141777:12)
      at Object.onceWrapper (node:events:509:28)
      at IncomingMessage.emit (node:events:402:35)
      at endReadableNT (node:internal/streams/readable:1343:12)
      at processTicksAndRejections (node:internal/process/task_queues:83:21)

npm manifest: 
  {
    "name": "api",
    "version": "1.0.0",
    "main": "index.js",
    "license": "MIT",
    "devDependencies": {
      "prisma": "^4.10.0"
    }
  }

yarn manifest: 
  No manifest

Lockfile: 
  # THIS IS AN AUTOGENERATED FILE. DO NOT EDIT THIS FILE DIRECTLY.
  # yarn lockfile v1
  
  
  "@prisma/engines@4.10.0":
    version "4.10.0"
    resolved "https://registry.yarnpkg.com/@prisma/engines/-/engines-4.10.0.tgz#f9d37cba42762fe502e982873c31cfa6961eab64"
    integrity sha512-ZPPo7q+nQZdTlPFedS7mFXPE3oZ2kWtTh3GO4sku0XQ8ikLqEyinuTPJbQCw/8qel2xglIEQicsK6yI4Jgh20A==
  
  prisma@^4.10.0:
    version "4.10.0"
    resolved "https://registry.yarnpkg.com/prisma/-/prisma-4.10.0.tgz#c929229558bc94a916b5fc90520acda7375aa6ee"
    integrity sha512-xUHcF3Glc8QGgW8x0rfPITvyyTo04fskUdG7pI4kQbvDX/rhzDP4046x/FvazYqYHXMLR5/KTIi2p2Gth5vKOQ==
    dependencies:
      "@prisma/engines" "4.10.0"
